{"synthetic": false,
 "schemaVersion": "2025-09-10",
 "outputs":
 {"o": ["7bf1047555997a5c.olean"],
  "i": "986cf55c874944b1.ilean",
  "c": "edc2d84bc10131c8.c"},
 "log":
 [{"message":
   ".> LEAN_PATH=/home/nartan/Documents/phd/hammer_time/.lake/packages/Cli/.lake/build/lib/lean:/home/nartan/Documents/phd/hammer_time/.lake/packages/batteries/.lake/build/lib/lean:/home/nartan/Documents/phd/hammer_time/.lake/packages/Qq/.lake/build/lib/lean:/home/nartan/Documents/phd/hammer_time/.lake/packages/aesop/.lake/build/lib/lean:/home/nartan/Documents/phd/hammer_time/.lake/packages/proofwidgets/.lake/build/lib/lean:/home/nartan/Documents/phd/hammer_time/.lake/packages/importGraph/.lake/build/lib/lean:/home/nartan/Documents/phd/hammer_time/.lake/packages/LeanSearchClient/.lake/build/lib/lean:/home/nartan/Documents/phd/hammer_time/.lake/packages/plausible/.lake/build/lib/lean:/home/nartan/Documents/phd/hammer_time/.lake/packages/mathlib/.lake/build/lib/lean:/home/nartan/Documents/phd/hammer_time/.lake/build/lib/lean /nix/store/4gr3n4nrp0xxgykyyzdxi3xjj2ikn5x1-lean4-4.25.0/bin/lean /home/nartan/Documents/phd/hammer_time/HammerTime.lean -o /home/nartan/Documents/phd/hammer_time/.lake/build/lib/lean/HammerTime.olean -i /home/nartan/Documents/phd/hammer_time/.lake/build/lib/lean/HammerTime.ilean -c /home/nartan/Documents/phd/hammer_time/.lake/build/ir/HammerTime.c --setup /home/nartan/Documents/phd/hammer_time/.lake/build/ir/HammerTime.setup.json --json",
   "level": "trace"}],
 "inputs":
 [["HammerTime:deps",
   [["deps",
     [["hammer_time/HammerTime:extraDep",
       [["@hammer_time:extraDep", "00000000000006bb"]]],
      ["imports",
       [["HammerTime.Basic transitive imports (legacy)", "00000000000006bb"],
        ["HammerTime.Basic:importAllArts", "32dc2cf3672da847"]]]]],
    ["libs",
     [["import dynlibs", "00000000000006bb"],
      ["package external libraries", "00000000000006bb"],
      ["module dynlibs", "00000000000006bb"],
      ["module plugins", "00000000000006bb"]]]]],
  ["Lean 4.25.0, commit v4.25.0", "9c3a3ade3a41d5d0"],
  ["/home/nartan/Documents/phd/hammer_time/HammerTime.lean",
   "40411d94ecdcfeb2"],
  ["options",
   [["-DmaxSynthPendingDepth=3", "c78e353d34de85d4"],
    ["-Dweak.linter.mathlibStandardSet=true", "8a155799906f2b42"],
    ["-DrelaxedAutoImplicit=false", "74a2b5546b55be80"],
    ["-Dpp.unicode.fun=true", "9b94070140457fab"]]],
  ["Module.leanArgs: #[]", "00000000000006bb"]],
 "depHash": "6426d1ded759855b"}